Time resolution is 1 ps
UVM_INFO C:/Xilinx/Vivado/2024.1/data/system_verilog/uvm_1.2/xlnx_uvm_package.sv(18601) @ 0: reporter [UVM/RELNOTES] 
----------------------------------------------------------------
UVM-1.2
(C) 2007-2014 Mentor Graphics Corporation
(C) 2007-2014 Cadence Design Systems, Inc.
(C) 2006-2014 Synopsys, Inc.
(C) 2011-2013 Cypress Semiconductor Corp.
(C) 2013-2014 NVIDIA Corporation
----------------------------------------------------------------

  ***********       IMPORTANT RELEASE NOTES         ************

  You are using a version of the UVM library that has been compiled
  with `UVM_NO_DEPRECATED undefined.

  You are using a version of the UVM library that has been compiled
  with `UVM_OBJECT_DO_NOT_NEED_CONSTRUCTOR undefined.

      (Specify +UVM_NO_RELNOTES to turn off this notice)

WARNING: This core is supplied with a behavioral model. To model cycle-accurate behavior you must run timing simulation.
UVM_INFO @ 0: reporter [RNTST] Running test rw_test...
UVM_INFO C:/Users/denis/Desktop/proiect/project/project.srcs/sim_1/new/environment.sv(15) @ 0: uvm_test_top.env [DEBUG] The build_phase of the environment was called
UVM_INFO C:/Users/denis/Desktop/proiect/project/project.srcs/sim_1/new/dist_mem_gen_agent.sv(23) @ 0: uvm_test_top.env.agent [AGENT_DEBUG] Connections between driver, monitor and sequencer established.
UVM_INFO C:/Xilinx/Vivado/2024.1/data/system_verilog/uvm_1.2/xlnx_uvm_package.sv(20867) @ 0: reporter [UVM/COMP/NAMECHECK] This implementation of the component name checks requires DPI to be enabled
UVM_INFO C:/Users/denis/Desktop/proiect/project/project.srcs/sim_1/new/rw_test.sv(33) @ 0: uvm_test_top [WriteMemory Debug] Sending transaction: we=1, addr=10, data=1234
UVM_INFO C:/Users/denis/Desktop/proiect/project/project.srcs/sim_1/new/dist_mem_gen_rw_sequence.sv(31) @ 0: uvm_test_top.env.agent.sequencer@@writeSeq [dist_mem_gen_rw_sequence] Before finish_item: addr=10, data=1234, we=1
UVM_INFO C:/Users/denis/Desktop/proiect/project/project.srcs/sim_1/new/dist_mem_gen_driver.sv(21) @ 0: uvm_test_top.env.agent.driver [dist_mem_gen_driver] Received new item: 
	 * spo=0
	 * qspo=0
	 * a=10
	 * we=1
	 * d=1234
	 * qspo_ce=0
UVM_INFO C:/Users/denis/Desktop/proiect/project/project.srcs/sim_1/new/dist_mem_gen_monitor.sv(86) @ 0: uvm_test_top.env.agent.monitor [dist_mem_gen_monitor] Asynchronous read operation observed: Address=10, Data=0
UVM_INFO C:/Users/denis/Desktop/proiect/project/project.srcs/sim_1/new/scoreboard.sv(97) @ 0: uvm_test_top.env.sb [scoreboard] Async read ignored: write in progress at addr=10
UVM_INFO C:/Users/denis/Desktop/proiect/project/project.srcs/sim_1/new/dist_mem_gen_driver.sv(30) @ 10000: uvm_test_top.env.agent.driver [dist_mem_gen_driver] CLK edge detected in driver.
UVM_INFO C:/Users/denis/Desktop/proiect/project/project.srcs/sim_1/new/dist_mem_gen_monitor.sv(49) @ 10000: uvm_test_top.env.agent.monitor [dist_mem_gen_monitor] Write operation observed: Address=10, Data=1234
UVM_INFO C:/Users/denis/Desktop/proiect/project/project.srcs/sim_1/new/scoreboard.sv(43) @ 10000: uvm_test_top.env.sb [scoreboard] Write detected: addr=10, data=1234
UVM_INFO C:/Users/denis/Desktop/proiect/project/project.srcs/sim_1/new/scoreboard.sv(97) @ 10000: uvm_test_top.env.sb [scoreboard] Async read ignored: write in progress at addr=10
UVM_INFO C:/Users/denis/Desktop/proiect/project/project.srcs/sim_1/new/dist_mem_gen_monitor.sv(86) @ 10000: uvm_test_top.env.agent.monitor [dist_mem_gen_monitor] Asynchronous read operation observed: Address=10, Data=1234
UVM_INFO C:/Users/denis/Desktop/proiect/project/project.srcs/sim_1/new/dist_mem_gen_monitor.sv(49) @ 30000: uvm_test_top.env.agent.monitor [dist_mem_gen_monitor] Write operation observed: Address=10, Data=1234
UVM_INFO C:/Users/denis/Desktop/proiect/project/project.srcs/sim_1/new/scoreboard.sv(43) @ 30000: uvm_test_top.env.sb [scoreboard] Write detected: addr=10, data=1234
UVM_INFO C:/Users/denis/Desktop/proiect/project/project.srcs/sim_1/new/dist_mem_gen_driver.sv(38) @ 30000: uvm_test_top.env.agent.driver [dist_mem_gen_driver] Write operation completed successfully.
UVM_INFO C:/Users/denis/Desktop/proiect/project/project.srcs/sim_1/new/rw_test.sv(38) @ 30000: uvm_test_top [rw_test] Write issued: addr=10, data=1234
UVM_INFO C:/Users/denis/Desktop/proiect/project/project.srcs/sim_1/new/rw_test.sv(33) @ 55000: uvm_test_top [WriteMemory Debug] Sending transaction: we=1, addr=20, data=5678
UVM_INFO C:/Users/denis/Desktop/proiect/project/project.srcs/sim_1/new/dist_mem_gen_rw_sequence.sv(31) @ 55000: uvm_test_top.env.agent.sequencer@@writeSeq [dist_mem_gen_rw_sequence] Before finish_item: addr=20, data=5678, we=1
UVM_INFO C:/Users/denis/Desktop/proiect/project/project.srcs/sim_1/new/dist_mem_gen_driver.sv(21) @ 55000: uvm_test_top.env.agent.driver [dist_mem_gen_driver] Received new item: 
	 * spo=0
	 * qspo=0
	 * a=20
	 * we=1
	 * d=5678
	 * qspo_ce=0
UVM_INFO C:/Users/denis/Desktop/proiect/project/project.srcs/sim_1/new/dist_mem_gen_monitor.sv(86) @ 55000: uvm_test_top.env.agent.monitor [dist_mem_gen_monitor] Asynchronous read operation observed: Address=20, Data=0
UVM_INFO C:/Users/denis/Desktop/proiect/project/project.srcs/sim_1/new/scoreboard.sv(97) @ 55000: uvm_test_top.env.sb [scoreboard] Async read ignored: write in progress at addr=20
UVM_INFO C:/Users/denis/Desktop/proiect/project/project.srcs/sim_1/new/dist_mem_gen_driver.sv(30) @ 70000: uvm_test_top.env.agent.driver [dist_mem_gen_driver] CLK edge detected in driver.
UVM_INFO C:/Users/denis/Desktop/proiect/project/project.srcs/sim_1/new/dist_mem_gen_monitor.sv(49) @ 70000: uvm_test_top.env.agent.monitor [dist_mem_gen_monitor] Write operation observed: Address=20, Data=5678
UVM_INFO C:/Users/denis/Desktop/proiect/project/project.srcs/sim_1/new/scoreboard.sv(43) @ 70000: uvm_test_top.env.sb [scoreboard] Write detected: addr=20, data=5678
UVM_INFO C:/Users/denis/Desktop/proiect/project/project.srcs/sim_1/new/scoreboard.sv(97) @ 70000: uvm_test_top.env.sb [scoreboard] Async read ignored: write in progress at addr=20
UVM_INFO C:/Users/denis/Desktop/proiect/project/project.srcs/sim_1/new/dist_mem_gen_monitor.sv(86) @ 70000: uvm_test_top.env.agent.monitor [dist_mem_gen_monitor] Asynchronous read operation observed: Address=20, Data=5678
UVM_INFO C:/Users/denis/Desktop/proiect/project/project.srcs/sim_1/new/dist_mem_gen_monitor.sv(49) @ 90000: uvm_test_top.env.agent.monitor [dist_mem_gen_monitor] Write operation observed: Address=20, Data=5678
UVM_INFO C:/Users/denis/Desktop/proiect/project/project.srcs/sim_1/new/scoreboard.sv(43) @ 90000: uvm_test_top.env.sb [scoreboard] Write detected: addr=20, data=5678
UVM_INFO C:/Users/denis/Desktop/proiect/project/project.srcs/sim_1/new/dist_mem_gen_driver.sv(38) @ 90000: uvm_test_top.env.agent.driver [dist_mem_gen_driver] Write operation completed successfully.
UVM_INFO C:/Users/denis/Desktop/proiect/project/project.srcs/sim_1/new/rw_test.sv(38) @ 90000: uvm_test_top [rw_test] Write issued: addr=20, data=5678
UVM_INFO C:/Users/denis/Desktop/proiect/project/project.srcs/sim_1/new/rw_test.sv(33) @ 145000: uvm_test_top [WriteMemory Debug] Sending transaction: we=1, addr=30, data=9abc
UVM_INFO C:/Users/denis/Desktop/proiect/project/project.srcs/sim_1/new/dist_mem_gen_rw_sequence.sv(31) @ 145000: uvm_test_top.env.agent.sequencer@@writeSeq [dist_mem_gen_rw_sequence] Before finish_item: addr=30, data=9abc, we=1
UVM_INFO C:/Users/denis/Desktop/proiect/project/project.srcs/sim_1/new/dist_mem_gen_driver.sv(21) @ 145000: uvm_test_top.env.agent.driver [dist_mem_gen_driver] Received new item: 
	 * spo=0
	 * qspo=0
	 * a=30
	 * we=1
	 * d=9abc
	 * qspo_ce=0
UVM_INFO C:/Users/denis/Desktop/proiect/project/project.srcs/sim_1/new/dist_mem_gen_monitor.sv(86) @ 145000: uvm_test_top.env.agent.monitor [dist_mem_gen_monitor] Asynchronous read operation observed: Address=30, Data=0
UVM_INFO C:/Users/denis/Desktop/proiect/project/project.srcs/sim_1/new/scoreboard.sv(97) @ 145000: uvm_test_top.env.sb [scoreboard] Async read ignored: write in progress at addr=30
UVM_INFO C:/Users/denis/Desktop/proiect/project/project.srcs/sim_1/new/dist_mem_gen_driver.sv(30) @ 150000: uvm_test_top.env.agent.driver [dist_mem_gen_driver] CLK edge detected in driver.
UVM_INFO C:/Users/denis/Desktop/proiect/project/project.srcs/sim_1/new/dist_mem_gen_monitor.sv(49) @ 150000: uvm_test_top.env.agent.monitor [dist_mem_gen_monitor] Write operation observed: Address=30, Data=9abc
UVM_INFO C:/Users/denis/Desktop/proiect/project/project.srcs/sim_1/new/scoreboard.sv(43) @ 150000: uvm_test_top.env.sb [scoreboard] Write detected: addr=30, data=9abc
UVM_INFO C:/Users/denis/Desktop/proiect/project/project.srcs/sim_1/new/scoreboard.sv(97) @ 150000: uvm_test_top.env.sb [scoreboard] Async read ignored: write in progress at addr=30
UVM_INFO C:/Users/denis/Desktop/proiect/project/project.srcs/sim_1/new/dist_mem_gen_monitor.sv(86) @ 150000: uvm_test_top.env.agent.monitor [dist_mem_gen_monitor] Asynchronous read operation observed: Address=30, Data=9abc
UVM_INFO C:/Users/denis/Desktop/proiect/project/project.srcs/sim_1/new/dist_mem_gen_monitor.sv(49) @ 170000: uvm_test_top.env.agent.monitor [dist_mem_gen_monitor] Write operation observed: Address=30, Data=9abc
UVM_INFO C:/Users/denis/Desktop/proiect/project/project.srcs/sim_1/new/scoreboard.sv(43) @ 170000: uvm_test_top.env.sb [scoreboard] Write detected: addr=30, data=9abc
UVM_INFO C:/Users/denis/Desktop/proiect/project/project.srcs/sim_1/new/dist_mem_gen_driver.sv(38) @ 170000: uvm_test_top.env.agent.driver [dist_mem_gen_driver] Write operation completed successfully.
UVM_INFO C:/Users/denis/Desktop/proiect/project/project.srcs/sim_1/new/rw_test.sv(38) @ 170000: uvm_test_top [rw_test] Write issued: addr=30, data=9abc
UVM_INFO C:/Users/denis/Desktop/proiect/project/project.srcs/sim_1/new/rw_test.sv(33) @ 250000: uvm_test_top [WriteMemory Debug] Sending transaction: we=1, addr=2, data=3
UVM_INFO C:/Users/denis/Desktop/proiect/project/project.srcs/sim_1/new/dist_mem_gen_rw_sequence.sv(31) @ 250000: uvm_test_top.env.agent.sequencer@@writeSeq [dist_mem_gen_rw_sequence] Before finish_item: addr=2, data=3, we=1
UVM_INFO C:/Users/denis/Desktop/proiect/project/project.srcs/sim_1/new/dist_mem_gen_driver.sv(21) @ 250000: uvm_test_top.env.agent.driver [dist_mem_gen_driver] Received new item: 
	 * spo=0
	 * qspo=0
	 * a=2
	 * we=1
	 * d=3
	 * qspo_ce=0
UVM_INFO C:/Users/denis/Desktop/proiect/project/project.srcs/sim_1/new/dist_mem_gen_monitor.sv(86) @ 250000: uvm_test_top.env.agent.monitor [dist_mem_gen_monitor] Asynchronous read operation observed: Address=2, Data=0
UVM_INFO C:/Users/denis/Desktop/proiect/project/project.srcs/sim_1/new/scoreboard.sv(97) @ 250000: uvm_test_top.env.sb [scoreboard] Async read ignored: write in progress at addr=2
UVM_INFO C:/Users/denis/Desktop/proiect/project/project.srcs/sim_1/new/dist_mem_gen_driver.sv(30) @ 270000: uvm_test_top.env.agent.driver [dist_mem_gen_driver] CLK edge detected in driver.
UVM_INFO C:/Users/denis/Desktop/proiect/project/project.srcs/sim_1/new/dist_mem_gen_monitor.sv(49) @ 270000: uvm_test_top.env.agent.monitor [dist_mem_gen_monitor] Write operation observed: Address=2, Data=3
UVM_INFO C:/Users/denis/Desktop/proiect/project/project.srcs/sim_1/new/scoreboard.sv(43) @ 270000: uvm_test_top.env.sb [scoreboard] Write detected: addr=2, data=3
UVM_INFO C:/Users/denis/Desktop/proiect/project/project.srcs/sim_1/new/scoreboard.sv(97) @ 270000: uvm_test_top.env.sb [scoreboard] Async read ignored: write in progress at addr=2
UVM_INFO C:/Users/denis/Desktop/proiect/project/project.srcs/sim_1/new/dist_mem_gen_monitor.sv(86) @ 270000: uvm_test_top.env.agent.monitor [dist_mem_gen_monitor] Asynchronous read operation observed: Address=2, Data=3
UVM_INFO C:/Users/denis/Desktop/proiect/project/project.srcs/sim_1/new/dist_mem_gen_monitor.sv(49) @ 290000: uvm_test_top.env.agent.monitor [dist_mem_gen_monitor] Write operation observed: Address=2, Data=3
UVM_INFO C:/Users/denis/Desktop/proiect/project/project.srcs/sim_1/new/scoreboard.sv(43) @ 290000: uvm_test_top.env.sb [scoreboard] Write detected: addr=2, data=3
UVM_INFO C:/Users/denis/Desktop/proiect/project/project.srcs/sim_1/new/dist_mem_gen_driver.sv(38) @ 290000: uvm_test_top.env.agent.driver [dist_mem_gen_driver] Write operation completed successfully.
UVM_INFO C:/Users/denis/Desktop/proiect/project/project.srcs/sim_1/new/rw_test.sv(38) @ 290000: uvm_test_top [rw_test] Write issued: addr=2, data=3
UVM_INFO C:/Users/denis/Desktop/proiect/project/project.srcs/sim_1/new/rw_test.sv(33) @ 305000: uvm_test_top [WriteMemory Debug] Sending transaction: we=1, addr=20, data=3333
UVM_INFO C:/Users/denis/Desktop/proiect/project/project.srcs/sim_1/new/dist_mem_gen_rw_sequence.sv(31) @ 305000: uvm_test_top.env.agent.sequencer@@writeSeq [dist_mem_gen_rw_sequence] Before finish_item: addr=20, data=3333, we=1
UVM_INFO C:/Users/denis/Desktop/proiect/project/project.srcs/sim_1/new/dist_mem_gen_driver.sv(21) @ 305000: uvm_test_top.env.agent.driver [dist_mem_gen_driver] Received new item: 
	 * spo=0
	 * qspo=0
	 * a=20
	 * we=1
	 * d=3333
	 * qspo_ce=0
UVM_INFO C:/Users/denis/Desktop/proiect/project/project.srcs/sim_1/new/dist_mem_gen_monitor.sv(86) @ 305000: uvm_test_top.env.agent.monitor [dist_mem_gen_monitor] Asynchronous read operation observed: Address=20, Data=5678
UVM_INFO C:/Users/denis/Desktop/proiect/project/project.srcs/sim_1/new/scoreboard.sv(97) @ 305000: uvm_test_top.env.sb [scoreboard] Async read ignored: write in progress at addr=20
UVM_INFO C:/Users/denis/Desktop/proiect/project/project.srcs/sim_1/new/dist_mem_gen_driver.sv(30) @ 310000: uvm_test_top.env.agent.driver [dist_mem_gen_driver] CLK edge detected in driver.
UVM_INFO C:/Users/denis/Desktop/proiect/project/project.srcs/sim_1/new/dist_mem_gen_monitor.sv(49) @ 310000: uvm_test_top.env.agent.monitor [dist_mem_gen_monitor] Write operation observed: Address=20, Data=3333
UVM_INFO C:/Users/denis/Desktop/proiect/project/project.srcs/sim_1/new/scoreboard.sv(43) @ 310000: uvm_test_top.env.sb [scoreboard] Write detected: addr=20, data=3333
UVM_INFO C:/Users/denis/Desktop/proiect/project/project.srcs/sim_1/new/scoreboard.sv(97) @ 310000: uvm_test_top.env.sb [scoreboard] Async read ignored: write in progress at addr=20
UVM_INFO C:/Users/denis/Desktop/proiect/project/project.srcs/sim_1/new/dist_mem_gen_monitor.sv(86) @ 310000: uvm_test_top.env.agent.monitor [dist_mem_gen_monitor] Asynchronous read operation observed: Address=20, Data=3333
UVM_INFO C:/Users/denis/Desktop/proiect/project/project.srcs/sim_1/new/dist_mem_gen_monitor.sv(49) @ 330000: uvm_test_top.env.agent.monitor [dist_mem_gen_monitor] Write operation observed: Address=20, Data=3333
UVM_INFO C:/Users/denis/Desktop/proiect/project/project.srcs/sim_1/new/scoreboard.sv(43) @ 330000: uvm_test_top.env.sb [scoreboard] Write detected: addr=20, data=3333
UVM_INFO C:/Users/denis/Desktop/proiect/project/project.srcs/sim_1/new/dist_mem_gen_driver.sv(38) @ 330000: uvm_test_top.env.agent.driver [dist_mem_gen_driver] Write operation completed successfully.
UVM_INFO C:/Users/denis/Desktop/proiect/project/project.srcs/sim_1/new/rw_test.sv(38) @ 330000: uvm_test_top [rw_test] Write issued: addr=20, data=3333
UVM_INFO C:/Users/denis/Desktop/proiect/project/project.srcs/sim_1/new/rw_test.sv(33) @ 345000: uvm_test_top [WriteMemory Debug] Sending transaction: we=1, addr=30, data=101
UVM_INFO C:/Users/denis/Desktop/proiect/project/project.srcs/sim_1/new/dist_mem_gen_rw_sequence.sv(31) @ 345000: uvm_test_top.env.agent.sequencer@@writeSeq [dist_mem_gen_rw_sequence] Before finish_item: addr=30, data=101, we=1
UVM_INFO C:/Users/denis/Desktop/proiect/project/project.srcs/sim_1/new/dist_mem_gen_driver.sv(21) @ 345000: uvm_test_top.env.agent.driver [dist_mem_gen_driver] Received new item: 
	 * spo=0
	 * qspo=0
	 * a=30
	 * we=1
	 * d=101
	 * qspo_ce=0
UVM_INFO C:/Users/denis/Desktop/proiect/project/project.srcs/sim_1/new/dist_mem_gen_monitor.sv(86) @ 345000: uvm_test_top.env.agent.monitor [dist_mem_gen_monitor] Asynchronous read operation observed: Address=30, Data=9abc
UVM_INFO C:/Users/denis/Desktop/proiect/project/project.srcs/sim_1/new/scoreboard.sv(97) @ 345000: uvm_test_top.env.sb [scoreboard] Async read ignored: write in progress at addr=30
UVM_INFO C:/Users/denis/Desktop/proiect/project/project.srcs/sim_1/new/dist_mem_gen_driver.sv(30) @ 350000: uvm_test_top.env.agent.driver [dist_mem_gen_driver] CLK edge detected in driver.
UVM_INFO C:/Users/denis/Desktop/proiect/project/project.srcs/sim_1/new/dist_mem_gen_monitor.sv(49) @ 350000: uvm_test_top.env.agent.monitor [dist_mem_gen_monitor] Write operation observed: Address=30, Data=101
UVM_INFO C:/Users/denis/Desktop/proiect/project/project.srcs/sim_1/new/scoreboard.sv(43) @ 350000: uvm_test_top.env.sb [scoreboard] Write detected: addr=30, data=101
UVM_INFO C:/Users/denis/Desktop/proiect/project/project.srcs/sim_1/new/scoreboard.sv(97) @ 350000: uvm_test_top.env.sb [scoreboard] Async read ignored: write in progress at addr=30
UVM_INFO C:/Users/denis/Desktop/proiect/project/project.srcs/sim_1/new/dist_mem_gen_monitor.sv(86) @ 350000: uvm_test_top.env.agent.monitor [dist_mem_gen_monitor] Asynchronous read operation observed: Address=30, Data=101
UVM_INFO C:/Users/denis/Desktop/proiect/project/project.srcs/sim_1/new/dist_mem_gen_monitor.sv(49) @ 370000: uvm_test_top.env.agent.monitor [dist_mem_gen_monitor] Write operation observed: Address=30, Data=101
UVM_INFO C:/Users/denis/Desktop/proiect/project/project.srcs/sim_1/new/scoreboard.sv(43) @ 370000: uvm_test_top.env.sb [scoreboard] Write detected: addr=30, data=101
UVM_INFO C:/Users/denis/Desktop/proiect/project/project.srcs/sim_1/new/dist_mem_gen_driver.sv(38) @ 370000: uvm_test_top.env.agent.driver [dist_mem_gen_driver] Write operation completed successfully.
UVM_INFO C:/Users/denis/Desktop/proiect/project/project.srcs/sim_1/new/rw_test.sv(38) @ 370000: uvm_test_top [rw_test] Write issued: addr=30, data=101
UVM_INFO C:/Users/denis/Desktop/proiect/project/project.srcs/sim_1/new/dist_mem_gen_rw_sequence.sv(31) @ 385000: uvm_test_top.env.agent.sequencer@@readSeq [dist_mem_gen_rw_sequence] Before finish_item: addr=10, data=101, we=0
UVM_INFO C:/Users/denis/Desktop/proiect/project/project.srcs/sim_1/new/dist_mem_gen_driver.sv(21) @ 385000: uvm_test_top.env.agent.driver [dist_mem_gen_driver] Received new item: 
	 * spo=0
	 * qspo=0
	 * a=10
	 * we=0
	 * d=101
	 * qspo_ce=0
UVM_INFO C:/Users/denis/Desktop/proiect/project/project.srcs/sim_1/new/dist_mem_gen_driver.sv(55) @ 385000: uvm_test_top.env.agent.driver [dist_mem_gen_driver] Asynchronous read data: 101
UVM_INFO C:/Users/denis/Desktop/proiect/project/project.srcs/sim_1/new/dist_mem_gen_monitor.sv(86) @ 385000: uvm_test_top.env.agent.monitor [dist_mem_gen_monitor] Asynchronous read operation observed: Address=10, Data=1234
UVM_INFO C:/Users/denis/Desktop/proiect/project/project.srcs/sim_1/new/scoreboard.sv(118) @ 385000: uvm_test_top.env.sb [scoreboard] Async Read Match: addr=10, value=1234
UVM_INFO C:/Users/denis/Desktop/proiect/project/project.srcs/sim_1/new/rw_test.sv(72) @ 385000: uvm_test_top [rw_test] Async Read Initiated: addr=10, SPO=1234
Async Read Data after Write 1: 1234
UVM_INFO C:/Users/denis/Desktop/proiect/project/project.srcs/sim_1/new/dist_mem_gen_rw_sequence.sv(31) @ 420000: uvm_test_top.env.agent.sequencer@@readSeq [dist_mem_gen_rw_sequence] Before finish_item: addr=20, data=101, we=0
UVM_INFO C:/Users/denis/Desktop/proiect/project/project.srcs/sim_1/new/dist_mem_gen_driver.sv(21) @ 420000: uvm_test_top.env.agent.driver [dist_mem_gen_driver] Received new item: 
	 * spo=0
	 * qspo=0
	 * a=20
	 * we=0
	 * d=101
	 * qspo_ce=0
UVM_INFO C:/Users/denis/Desktop/proiect/project/project.srcs/sim_1/new/dist_mem_gen_driver.sv(55) @ 420000: uvm_test_top.env.agent.driver [dist_mem_gen_driver] Asynchronous read data: 1234
UVM_INFO C:/Users/denis/Desktop/proiect/project/project.srcs/sim_1/new/scoreboard.sv(118) @ 420000: uvm_test_top.env.sb [scoreboard] Async Read Match: addr=20, value=3333
UVM_INFO C:/Users/denis/Desktop/proiect/project/project.srcs/sim_1/new/dist_mem_gen_monitor.sv(86) @ 420000: uvm_test_top.env.agent.monitor [dist_mem_gen_monitor] Asynchronous read operation observed: Address=20, Data=3333
UVM_INFO C:/Users/denis/Desktop/proiect/project/project.srcs/sim_1/new/rw_test.sv(72) @ 420000: uvm_test_top [rw_test] Async Read Initiated: addr=20, SPO=3333
Async Read Data after Write 2: 3333
UVM_INFO C:/Users/denis/Desktop/proiect/project/project.srcs/sim_1/new/dist_mem_gen_rw_sequence.sv(31) @ 440000: uvm_test_top.env.agent.sequencer@@readSeq [dist_mem_gen_rw_sequence] Before finish_item: addr=30, data=101, we=0
UVM_INFO C:/Users/denis/Desktop/proiect/project/project.srcs/sim_1/new/dist_mem_gen_driver.sv(21) @ 440000: uvm_test_top.env.agent.driver [dist_mem_gen_driver] Received new item: 
	 * spo=0
	 * qspo=0
	 * a=30
	 * we=0
	 * d=101
	 * qspo_ce=0
UVM_INFO C:/Users/denis/Desktop/proiect/project/project.srcs/sim_1/new/dist_mem_gen_driver.sv(55) @ 440000: uvm_test_top.env.agent.driver [dist_mem_gen_driver] Asynchronous read data: 3333
UVM_INFO C:/Users/denis/Desktop/proiect/project/project.srcs/sim_1/new/dist_mem_gen_monitor.sv(86) @ 440000: uvm_test_top.env.agent.monitor [dist_mem_gen_monitor] Asynchronous read operation observed: Address=30, Data=101
UVM_INFO C:/Users/denis/Desktop/proiect/project/project.srcs/sim_1/new/scoreboard.sv(118) @ 440000: uvm_test_top.env.sb [scoreboard] Async Read Match: addr=30, value=101
UVM_INFO C:/Users/denis/Desktop/proiect/project/project.srcs/sim_1/new/rw_test.sv(72) @ 440000: uvm_test_top [rw_test] Async Read Initiated: addr=30, SPO=101
Async Read Data after Write 3: 101
UVM_INFO C:/Users/denis/Desktop/proiect/project/project.srcs/sim_1/new/dist_mem_gen_rw_sequence.sv(31) @ 470000: uvm_test_top.env.agent.sequencer@@readSeq [dist_mem_gen_rw_sequence] Before finish_item: addr=10, data=101, we=0
UVM_INFO C:/Users/denis/Desktop/proiect/project/project.srcs/sim_1/new/dist_mem_gen_driver.sv(21) @ 470000: uvm_test_top.env.agent.driver [dist_mem_gen_driver] Received new item: 
	 * spo=0
	 * qspo=0
	 * a=10
	 * we=0
	 * d=101
	 * qspo_ce=0
UVM_INFO C:/Users/denis/Desktop/proiect/project/project.srcs/sim_1/new/dist_mem_gen_driver.sv(55) @ 470000: uvm_test_top.env.agent.driver [dist_mem_gen_driver] Asynchronous read data: 101
UVM_INFO C:/Users/denis/Desktop/proiect/project/project.srcs/sim_1/new/scoreboard.sv(118) @ 470000: uvm_test_top.env.sb [scoreboard] Async Read Match: addr=10, value=1234
UVM_INFO C:/Users/denis/Desktop/proiect/project/project.srcs/sim_1/new/dist_mem_gen_monitor.sv(86) @ 470000: uvm_test_top.env.agent.monitor [dist_mem_gen_monitor] Asynchronous read operation observed: Address=10, Data=1234
UVM_INFO C:/Users/denis/Desktop/proiect/project/project.srcs/sim_1/new/rw_test.sv(72) @ 470000: uvm_test_top [rw_test] Async Read Initiated: addr=10, SPO=1234
Async Read Data after Write 1: 1234
UVM_INFO C:/Users/denis/Desktop/proiect/project/project.srcs/sim_1/new/dist_mem_gen_rw_sequence.sv(31) @ 515000: uvm_test_top.env.agent.sequencer@@readSeq [dist_mem_gen_rw_sequence] Before finish_item: addr=2, data=101, we=0
UVM_INFO C:/Users/denis/Desktop/proiect/project/project.srcs/sim_1/new/dist_mem_gen_driver.sv(21) @ 515000: uvm_test_top.env.agent.driver [dist_mem_gen_driver] Received new item: 
	 * spo=0
	 * qspo=0
	 * a=2
	 * we=0
	 * d=101
	 * qspo_ce=1
UVM_INFO C:/Users/denis/Desktop/proiect/project/project.srcs/sim_1/new/dist_mem_gen_monitor.sv(86) @ 515000: uvm_test_top.env.agent.monitor [dist_mem_gen_monitor] Asynchronous read operation observed: Address=2, Data=3
UVM_INFO C:/Users/denis/Desktop/proiect/project/project.srcs/sim_1/new/scoreboard.sv(118) @ 515000: uvm_test_top.env.sb [scoreboard] Async Read Match: addr=2, value=3
UVM_INFO C:/Users/denis/Desktop/proiect/project/project.srcs/sim_1/new/dist_mem_gen_monitor.sv(68) @ 535000: uvm_test_top.env.agent.monitor [dist_mem_gen_monitor] Synchronous read operation observed: Address=2, Data=3
UVM_INFO C:/Users/denis/Desktop/proiect/project/project.srcs/sim_1/new/scoreboard.sv(79) @ 550000: uvm_test_top.env.sb [scoreboard] Sync Read Match: addr=2, value=3
UVM_INFO C:/Users/denis/Desktop/proiect/project/project.srcs/sim_1/new/dist_mem_gen_driver.sv(49) @ 550000: uvm_test_top.env.agent.driver [dist_mem_gen_driver] Synchronous read data: 3
Sync Read Data: 3
UVM_INFO C:/Users/denis/Desktop/proiect/project/project.srcs/sim_1/new/dist_mem_gen_monitor.sv(68) @ 555000: uvm_test_top.env.agent.monitor [dist_mem_gen_monitor] Synchronous read operation observed: Address=2, Data=3
UVM_INFO C:/Users/denis/Desktop/proiect/project/project.srcs/sim_1/new/dist_mem_gen_rw_sequence.sv(31) @ 610000: uvm_test_top.env.agent.sequencer@@readSeq [dist_mem_gen_rw_sequence] Before finish_item: addr=20, data=101, we=0
UVM_INFO C:/Users/denis/Desktop/proiect/project/project.srcs/sim_1/new/dist_mem_gen_driver.sv(21) @ 610000: uvm_test_top.env.agent.driver [dist_mem_gen_driver] Received new item: 
	 * spo=0
	 * qspo=0
	 * a=20
	 * we=0
	 * d=101
	 * qspo_ce=1
UVM_INFO C:/Users/denis/Desktop/proiect/project/project.srcs/sim_1/new/scoreboard.sv(118) @ 610000: uvm_test_top.env.sb [scoreboard] Async Read Match: addr=20, value=3333
UVM_INFO C:/Users/denis/Desktop/proiect/project/project.srcs/sim_1/new/dist_mem_gen_monitor.sv(86) @ 610000: uvm_test_top.env.agent.monitor [dist_mem_gen_monitor] Asynchronous read operation observed: Address=20, Data=3333
UVM_INFO C:/Users/denis/Desktop/proiect/project/project.srcs/sim_1/new/dist_mem_gen_monitor.sv(68) @ 635000: uvm_test_top.env.agent.monitor [dist_mem_gen_monitor] Synchronous read operation observed: Address=20, Data=3333
UVM_INFO C:/Users/denis/Desktop/proiect/project/project.srcs/sim_1/new/scoreboard.sv(79) @ 650000: uvm_test_top.env.sb [scoreboard] Sync Read Match: addr=20, value=3333
UVM_INFO C:/Users/denis/Desktop/proiect/project/project.srcs/sim_1/new/dist_mem_gen_driver.sv(49) @ 650000: uvm_test_top.env.agent.driver [dist_mem_gen_driver] Synchronous read data: 3333
Sync Read Data: 3333
UVM_INFO C:/Users/denis/Desktop/proiect/project/project.srcs/sim_1/new/dist_mem_gen_monitor.sv(68) @ 655000: uvm_test_top.env.agent.monitor [dist_mem_gen_monitor] Synchronous read operation observed: Address=20, Data=3333
